Command line:
   DataMemory_isim_beh.exe
     -simmode  gui
     -simrunnum  0
     -socket  51525

Thu Apr 13 11:42:08 2017


 Elaboration Time: 0.09375 sec

 Current Memory Usage: 383.807 Meg

 Total Signals          : 18
 Total Nets             : 208
 Total Signal Drivers   : 6
 Total Blocks           : 2
 Total Primitive Blocks : 2
 Total Processes        : 11
 Total Traceable Variables  : 21
 Total Scalar Nets and Variables : 2408
Total Line Count : 67

 Total Simulation Time: 0.09375 sec

 Current Memory Usage: 383.807 Meg

Thu Apr 13 11:42:14 2017

