Command line:
   PC_isim_beh.exe
     -simmode  gui
     -simrunnum  0
     -socket  52964

Tue Apr 04 11:29:44 2017


 Elaboration Time: 0.078125 sec

 Current Memory Usage: 388.485 Meg

 Total Signals          : 15
 Total Nets             : 142
 Total Signal Drivers   : 6
 Total Blocks           : 2
 Total Primitive Blocks : 2
 Total Processes        : 10
 Total Traceable Variables  : 20
 Total Scalar Nets and Variables : 350
Total Line Count : 20

 Total Simulation Time: 0.09375 sec

 Current Memory Usage: 388.485 Meg

Tue Apr 04 11:29:50 2017

