Command line:
   Shift_L2_isim_beh.exe
     -simmode  gui
     -simrunnum  0
     -socket  60899

Wed Apr 19 21:00:52 2017


 Elaboration Time: 0.03125 sec

 Current Memory Usage: 388.424 Meg

 Total Signals          : 15
 Total Nets             : 141
 Total Signal Drivers   : 6
 Total Blocks           : 2
 Total Primitive Blocks : 2
 Total Processes        : 7
 Total Traceable Variables  : 18
 Total Scalar Nets and Variables : 221
Total Line Count : 15

 Total Simulation Time: 0.03125 sec

 Current Memory Usage: 388.424 Meg

Wed Apr 19 21:01:02 2017

