Command line:
   PC_isim_beh.exe
     -simmode  gui
     -simrunnum  0
     -socket  50668

Thu Mar 30 16:06:08 2017


 Elaboration Time: 0.03125 sec

 Current Memory Usage: 388.452 Meg

 Total Signals          : 15
 Total Nets             : 142
 Total Signal Drivers   : 6
 Total Blocks           : 2
 Total Primitive Blocks : 2
 Total Processes        : 10
 Total Traceable Variables  : 20
 Total Scalar Nets and Variables : 350
Total Line Count : 20

 Total Simulation Time: 0.046875 sec

 Current Memory Usage: 860.324 Meg

Thu Mar 30 16:07:39 2017

