Command line:
   registerfile_isim_beh.exe
     -simmode  gui
     -simrunnum  0
     -socket  59357

Wed Apr 05 21:57:54 2017


 Elaboration Time: 0.0625 sec

 Current Memory Usage: 388.415 Meg

 Total Signals          : 21
 Total Nets             : 222
 Total Signal Drivers   : 7
 Total Blocks           : 2
 Total Primitive Blocks : 2
 Total Processes        : 10
 Total Traceable Variables  : 20
 Total Scalar Nets and Variables : 2382
Total Line Count : 21

 Total Simulation Time: 0.125 sec

 Current Memory Usage: 388.415 Meg

Wed Apr 05 21:57:59 2017

