Running: C:\Xilinx\14.7\ISE_DS\ISE\bin\nt64\unwrapped\fuse.exe -intstyle ise -incremental -lib unisims_ver -lib unimacro_ver -lib xilinxcorelib_ver -o C:/Users/jvarg/Documents/CECS341Labs/Lab5_PC/PCIMID_testfixure_isim_beh.exe -prj C:/Users/jvarg/Documents/CECS341Labs/Lab5_PC/PCIMID_testfixure_beh.prj work.PCIMID_testfixure work.glbl 
ISim P.20131013 (signature 0x7708f090)
Number of CPUs detected in this system: 4
Turning on mult-threading, number of parallel sub-compilation jobs: 8 
Determining compilation order of HDL files
Analyzing Verilog file "C:/Users/jvarg/Documents/CECS341Labs/Lab5_PC/PC.v" into library work
Analyzing Verilog file "C:/Users/jvarg/Documents/CECS341Labs/Lab5_PC/AdderPCout.v" into library work
Analyzing Verilog file "C:/Users/jvarg/Documents/CECS341Labs/Lab5_PC/PCIMID.v" into library work
Analyzing Verilog file "C:/Users/jvarg/Documents/CECS341Labs/Lab5_PC/PCIMID_testfixure.v" into library work
Analyzing Verilog file "C:/Xilinx/14.7/ISE_DS/ISE//verilog/src/glbl.v" into library work
Starting static elaboration
Completed static elaboration
Compiling module AdderPCout
Compiling module PC
Compiling module PCIMID
Compiling module PCIMID_testfixure
Compiling module glbl
Time Resolution for simulation is 1ps.
Waiting for 1 sub-compilation(s) to finish...
Compiled 5 Verilog Units
Built simulation executable C:/Users/jvarg/Documents/CECS341Labs/Lab5_PC/PCIMID_testfixure_isim_beh.exe
Fuse Memory Usage: 28128 KB
Fuse CPU Usage: 780 ms
