Command line:
   ALUwithControl_isim_beh.exe
     -simmode  gui
     -simrunnum  0
     -socket  61858

Thu Jan 26 11:15:47 2017


 Elaboration Time: 0.03125 sec

 Current Memory Usage: 842.473 Meg

 Total Signals          : 26
 Total Nets             : 223
 Total Signal Drivers   : 8
 Total Blocks           : 4
 Total Primitive Blocks : 3
 Total Processes        : 11
 Total Traceable Variables  : 20
 Total Scalar Nets and Variables : 371
Total Line Count : 32

 Total Simulation Time: 0.03125 sec

 Current Memory Usage: 842.473 Meg

Thu Jan 26 11:16:01 2017

