Command line:
   MemtoReg_isim_beh.exe
     -simmode  gui
     -simrunnum  0
     -socket  63728

Thu Apr 06 11:51:35 2017


 Elaboration Time: 0.0625 sec

 Current Memory Usage: 388.473 Meg

 Total Signals          : 16
 Total Nets             : 206
 Total Signal Drivers   : 6
 Total Blocks           : 2
 Total Primitive Blocks : 2
 Total Processes        : 8
 Total Traceable Variables  : 19
 Total Scalar Nets and Variables : 350
Total Line Count : 18

 Total Simulation Time: 0.0625 sec

 Current Memory Usage: 388.473 Meg

Thu Apr 06 11:51:41 2017

