Command line:
   PCIMID_isim_beh.exe
     -simmode  gui
     -simrunnum  0
     -socket  50212

Thu Mar 30 15:35:28 2017


 Elaboration Time: 0.03125 sec

 Current Memory Usage: 387.916 Meg

 Total Signals          : 21
 Total Nets             : 174
 Total Signal Drivers   : 8
 Total Blocks           : 5
 Total Primitive Blocks : 4
 Total Processes        : 16
 Total Traceable Variables  : 24
 Total Scalar Nets and Variables : 2534
Total Line Count : 68

 Total Simulation Time: 0.03125 sec

 Current Memory Usage: 387.916 Meg

Thu Mar 30 15:35:37 2017

