Command line:
   AdderPCout_isim_beh.exe
     -simmode  gui
     -simrunnum  0
     -socket  59797

Wed Apr 05 23:03:22 2017


 Elaboration Time: 0.03125 sec

 Current Memory Usage: 388.444 Meg

 Total Signals          : 14
 Total Nets             : 141
 Total Signal Drivers   : 6
 Total Blocks           : 2
 Total Primitive Blocks : 2
 Total Processes        : 8
 Total Traceable Variables  : 19
 Total Scalar Nets and Variables : 285
Total Line Count : 16

 Total Simulation Time: 0.046875 sec

 Current Memory Usage: 388.444 Meg

Wed Apr 05 23:03:27 2017

