Command line:
   MemtoReg_isim_beh.exe
     -simmode  gui
     -simrunnum  0
     -socket  60604

Wed Apr 19 20:29:52 2017


 Elaboration Time: 0.03125 sec

 Current Memory Usage: 388.44 Meg

 Total Signals          : 16
 Total Nets             : 206
 Total Signal Drivers   : 6
 Total Blocks           : 2
 Total Primitive Blocks : 2
 Total Processes        : 8
 Total Traceable Variables  : 19
 Total Scalar Nets and Variables : 350
Total Line Count : 18

 Total Simulation Time: 0.046875 sec

 Current Memory Usage: 388.44 Meg

Wed Apr 19 20:30:06 2017

